-------------------------------------------------------------------------------
Test set: com.zdz.OssTest
-------------------------------------------------------------------------------
Tests run: 1, Failures: 0, Errors: 1, Skipped: 0, Time elapsed: 5.66 s <<< FAILURE! - in com.zdz.OssTest
testOss  Time elapsed: 0.008 s  <<< ERROR!
java.lang.IllegalStateException: Failed to load ApplicationContext
Caused by: org.springframework.beans.factory.UnsatisfiedDependencyException: Error creating bean with name 'uploadController': Unsatisfied dependency expressed through field 'uploadService'; nested exception is org.springframework.beans.factory.BeanCreationException: Error creating bean with name 'uploadServiceImpl': Injection of autowired dependencies failed; nested exception is java.lang.IllegalArgumentException: Could not resolve placeholder 'oss.endpoint' in value "${oss.endpoint}"
Caused by: org.springframework.beans.factory.BeanCreationException: Error creating bean with name 'uploadServiceImpl': Injection of autowired dependencies failed; nested exception is java.lang.IllegalArgumentException: Could not resolve placeholder 'oss.endpoint' in value "${oss.endpoint}"
Caused by: java.lang.IllegalArgumentException: Could not resolve placeholder 'oss.endpoint' in value "${oss.endpoint}"

